\BOOKMARK [0][-]{chapter.1}{Marco te\363rico}{}% 1
\BOOKMARK [1][-]{section.1.1}{\277Qu\351 es el c\341ncer?}{chapter.1}% 2
\BOOKMARK [2][-]{subsection.1.1.1}{Antecedentes}{section.1.1}% 3
\BOOKMARK [2][-]{subsection.1.1.2}{\277Qu\351 sabemos del c\341ncer en la actualidad?}{section.1.1}% 4
\BOOKMARK [2][-]{subsection.1.1.3}{Definici\363n}{section.1.1}% 5
\BOOKMARK [2][-]{subsection.1.1.4}{Causas}{section.1.1}% 6
\BOOKMARK [2][-]{subsection.1.1.5}{Clasificaci\363n}{section.1.1}% 7
\BOOKMARK [2][-]{subsection.1.1.6}{Tumores cerebrales}{section.1.1}% 8
\BOOKMARK [1][-]{section.1.2}{Ecuaci\363n de Reacci\363n-Difusi\363n.}{chapter.1}% 9
\BOOKMARK [1][-]{section.1.3}{Modelo log\355stico de poblaciones.}{chapter.1}% 10
\BOOKMARK [1][-]{section.1.4}{Deducci\363n de las ecuaciones de Reacci\363n-Difusi\363n}{chapter.1}% 11
\BOOKMARK [0][-]{chapter.2}{Formulaci\363n de la aplicaci\363n y m\351todo de soluci\363n}{}% 12
\BOOKMARK [1][-]{section.2.1}{Ecuaci\363n de Fisher-Kolmogorov \(FK\) en oncolog\355a.}{chapter.2}% 13
\BOOKMARK [1][-]{section.2.2}{Esquemas de diferencias finitas para el m\351todo de Fisher.}{chapter.2}% 14
\BOOKMARK [2][-]{subsection.2.2.1}{F\363rmula recursiva para le ecuaci\363n FK}{section.2.2}% 15
\BOOKMARK [1][-]{section.2.3}{Propiedades de la soluci\363n.}{chapter.2}% 16
\BOOKMARK [0][-]{chapter.3}{Simulaci\363n num\351rica}{}% 17
\BOOKMARK [1][-]{section.3.1}{Aplicaci\363n de la ecuaci\363n de Fisher-Kolmogorov}{chapter.3}% 18
\BOOKMARK [2][-]{subsection.3.1.1}{Problema de aplicaci\363n}{section.3.1}% 19
\BOOKMARK [2][-]{subsection.3.1.2}{C\363digo Matlab para la ecuaci\363n FK}{section.3.1}% 20
\BOOKMARK [2][-]{subsection.3.1.3}{Soluci\363n del Problema mediante FK}{section.3.1}% 21
\BOOKMARK [0][-]{chapter.4}{Conclusi\363n}{}% 22
\BOOKMARK [1][-]{section.4.1}{Cuando el par\341metro \040de proliferaci\363n es constante }{chapter.4}% 23
\BOOKMARK [1][-]{section.4.2}{Cuando el coeficiente d de difusi\363n es constante}{chapter.4}% 24
\BOOKMARK [0][-]{chapter*.6}{Anexo}{}% 25
\BOOKMARK [0][-]{chapter*.9}{Bibliograf\355a}{}% 26
